\BOOKMARK [0][-]{chapter.1}{\376\377\0001\000\040\000L\000a\000b\000R\000o\000b\000o\000t\000s\000I\000I\000T\000K}{}% 1
\BOOKMARK [0][-]{chapter.2}{\376\377\0002\000\040\000C\000l\000a\000s\000s\000\040\000I\000n\000d\000e\000x}{}% 2
\BOOKMARK [1][-]{section.2.1}{\376\377\0002\000.\0001\000\040\000C\000l\000a\000s\000s\000\040\000L\000i\000s\000t}{chapter.2}% 3
\BOOKMARK [0][-]{chapter.3}{\376\377\0003\000\040\000C\000l\000a\000s\000s\000\040\000D\000o\000c\000u\000m\000e\000n\000t\000a\000t\000i\000o\000n}{}% 4
\BOOKMARK [1][-]{section.3.1}{\376\377\0003\000.\0001\000\040\000R\000o\000b\000o\000t\000A\000P\000I\000\137\000c\000l\000a\000s\000s\000.\000R\000o\000b\000o\000t\000A\000P\000I\000\040\000C\000l\000a\000s\000s\000\040\000R\000e\000f\000e\000r\000e\000n\000c\000e}{chapter.3}% 5
\BOOKMARK [2][-]{subsection.3.1.1}{\376\377\0003\000.\0001\000.\0001\000\040\000M\000e\000m\000b\000e\000r\000\040\000F\000u\000n\000c\000t\000i\000o\000n\000\040\000D\000o\000c\000u\000m\000e\000n\000t\000a\000t\000i\000o\000n}{section.3.1}% 6
\BOOKMARK [3][-]{subsubsection.3.1.1.1}{\376\377\0003\000.\0001\000.\0001\000.\0001\000\040\000g\000e\000t\000J\000o\000i\000n\000t\000A\000n\000g\000l\000e\000\050\000\051}{subsection.3.1.1}% 7
\BOOKMARK [3][-]{subsubsection.3.1.1.2}{\376\377\0003\000.\0001\000.\0001\000.\0002\000\040\000g\000e\000t\000J\000o\000i\000n\000t\000S\000t\000a\000t\000e\000\050\000\051}{subsection.3.1.1}% 8
\BOOKMARK [3][-]{subsubsection.3.1.1.3}{\376\377\0003\000.\0001\000.\0001\000.\0003\000\040\000g\000e\000t\000R\000o\000b\000o\000t\000S\000t\000a\000t\000e\000\050\000\051}{subsection.3.1.1}% 9
\BOOKMARK [3][-]{subsubsection.3.1.1.4}{\376\377\0003\000.\0001\000.\0001\000.\0004\000\040\000g\000e\000t\000T\000o\000r\000q\000u\000e\000S\000t\000a\000t\000u\000s\000\050\000\051}{subsection.3.1.1}% 10
\BOOKMARK [3][-]{subsubsection.3.1.1.5}{\376\377\0003\000.\0001\000.\0001\000.\0005\000\040\000g\000o\000H\000o\000m\000e\000\050\000\051}{subsection.3.1.1}% 11
\BOOKMARK [3][-]{subsubsection.3.1.1.6}{\376\377\0003\000.\0001\000.\0001\000.\0006\000\040\000p\000e\000n\000D\000o\000w\000n\000\050\000\051}{subsection.3.1.1}% 12
\BOOKMARK [3][-]{subsubsection.3.1.1.7}{\376\377\0003\000.\0001\000.\0001\000.\0007\000\040\000p\000e\000n\000U\000p\000\050\000\051}{subsection.3.1.1}% 13
\BOOKMARK [3][-]{subsubsection.3.1.1.8}{\376\377\0003\000.\0001\000.\0001\000.\0008\000\040\000p\000i\000n\000g\000T\000e\000s\000t\000\050\000\051}{subsection.3.1.1}% 14
\BOOKMARK [3][-]{subsubsection.3.1.1.9}{\376\377\0003\000.\0001\000.\0001\000.\0009\000\040\000s\000e\000t\000G\000e\000t\000R\000o\000b\000o\000t\000S\000t\000a\000t\000e\000\050\000\051}{subsection.3.1.1}% 15
\BOOKMARK [3][-]{subsubsection.3.1.1.10}{\376\377\0003\000.\0001\000.\0001\000.\0001\0000\000\040\000s\000e\000t\000J\000o\000i\000n\000t\000A\000n\000g\000l\000e\000\050\000\051}{subsection.3.1.1}% 16
\BOOKMARK [3][-]{subsubsection.3.1.1.11}{\376\377\0003\000.\0001\000.\0001\000.\0001\0001\000\040\000s\000e\000t\000J\000o\000i\000n\000t\000S\000t\000a\000t\000e\000\050\000\051}{subsection.3.1.1}% 17
\BOOKMARK [3][-]{subsubsection.3.1.1.12}{\376\377\0003\000.\0001\000.\0001\000.\0001\0002\000\040\000s\000e\000t\000R\000o\000b\000o\000t\000S\000t\000a\000t\000e\000\050\000\051}{subsection.3.1.1}% 18
\BOOKMARK [3][-]{subsubsection.3.1.1.13}{\376\377\0003\000.\0001\000.\0001\000.\0001\0003\000\040\000s\000e\000t\000T\000o\000r\000q\000u\000e\000O\000F\000F\000\050\000\051}{subsection.3.1.1}% 19
\BOOKMARK [3][-]{subsubsection.3.1.1.14}{\376\377\0003\000.\0001\000.\0001\000.\0001\0004\000\040\000s\000e\000t\000T\000o\000r\000q\000u\000e\000O\000N\000\050\000\051}{subsection.3.1.1}% 20
